Arguments: 
  /usr/local/bin/node /usr/local/bin/yarn

PATH: 
  /Library/Frameworks/Python.framework/Versions/3.6/bin:/usr/local/bin:/usr/bin:/bin:/usr/sbin:/sbin:/opt/X11/bin:/usr/texbin

Yarn version: 
  0.17.10

Node version: 
  6.5.0

Platform: 
  darwin x64

npm manifest: 
  {
    "name": "machine-learning",
    "version": "0.1.4",
    "description": "TypeScript machine learning library",
    "main": "dist/lib/index.js",
    "typings": "dist/lib/index",
    "scripts": {
      "test": "echo \"Error: no test specified\" && exit 1"
    },
    "repository": {
      "type": "git",
      "url": "git+https://github.com/erikgerrits/machine-learning.git"
    },
    "keywords": [
      "machine learning",
      "artificial intelligence",
      "matrix",
      "neural network",
      "linear regression",
      "logistic regression"
    ],
    "author": "Erik Gerrits <gerrits.erik@gmail.com>",
    "license": "MIT",
    "bugs": {
      "url": "https://github.com/erikgerrits/machine-learning/issues"
    },
    "homepage": "https://github.com/erikgerrits/machine-learning#readme",
    "dependencies": {
      "@types/chance": "^0.7.31",
      "@types/nblas": "^1.2.0",
      "@types/node": "^7.0.5",
      "chance": "^1.0.4",
      "nblas": "^1.2.2"
    },
    "devDependencies": {
      "typescript": "^2.1.6"
    }
  }

yarn manifest: 
  No manifest

Lockfile: 
  # THIS IS AN AUTOGENERATED FILE. DO NOT EDIT THIS FILE DIRECTLY.
  # yarn lockfile v1
  
  
  "@types/chance@^0.7.31":
    version "0.7.31"
    resolved "https://registry.yarnpkg.com/@types/chance/-/chance-0.7.31.tgz#8dcd812456a261bb4d832243b85ebc5c68e28c80"
  
  "@types/nblas@^1.2.0":
    version "1.2.0"
    resolved "https://registry.yarnpkg.com/@types/nblas/-/nblas-1.2.0.tgz#07a758520fd33c7940a76dcb87074f96471cb67c"
  
  "@types/node@^7.0.5":
    version "7.0.5"
    resolved "https://registry.yarnpkg.com/@types/node/-/node-7.0.5.tgz#96a0f0a618b7b606f1ec547403c00650210bfbb7"
  
  chance@^1.0.4:
    version "1.0.4"
    resolved "https://registry.yarnpkg.com/chance/-/chance-1.0.4.tgz#2dbc3ea6ad0541f7f965bd0af25d1ca275c853c4"
  
  nblas@^1.2.2:
    version "1.2.2"
    resolved "https://registry.yarnpkg.com/nblas/-/nblas-1.2.2.tgz#cc750ca672920de59c2074abd4063beee6b83384"
  
  typescript@^2.1.6:
    version "2.1.6"
    resolved "https://registry.yarnpkg.com/typescript/-/typescript-2.1.6.tgz#40c7e6e9e5da7961b7718b55505f9cac9487a607"

Trace: 
  Error: EACCES: permission denied, unlink '/Users/erik/Dev/machine-learning/node_modules/.bin/tsc'
      at Error (native)
